<?xml version="1.0" encoding="UTF-8"?>
<testsuite name="ContactsTest" tests="1" skipped="0" failures="0" errors="0" timestamp="2024-07-16T00:27:11" hostname="YoTis-MacBook.local" time="1.149">
  <properties/>
  <testcase name="start" classname="ContactsTest" time="1.149"/>
  <system-out><![CDATA[?[1;31m
Start test 1?[0m
[menu] Enter action (add, exit, count, list, search): > exit
?[1;31m
Start test 2?[0m
[menu] Enter action (add, exit, count, list, search): > count
The Phone Book has 0 records.

[menu] Enter action (add, exit, count, list, search): > exit
?[1;31m
Start test 3?[0m
[menu] Enter action (add, exit, count, list, search): > add
Enter the type (person, organization): > person
Enter the name: > John
Enter the surname: > Smith
Enter the birth date: > 
Bad birth date!
Enter the gender (M, F): > 
Bad gender (M, F)!
Enter the phone number: > 123 456 789
The record added.

[menu] Enter action (add, exit, count, list, search): > count
The Phone Book has 1 records.

[menu] Enter action (add, exit, count, list, search): > exit
?[1;31m
Start test 4?[0m
[menu] Enter action (add, exit, count, list, search): > add
Enter the type (person, organization): > person
Enter the name: > John
Enter the surname: > Smith
Enter the birth date: > 
Bad birth date!
Enter the gender (M, F): > 
Bad gender (M, F)!
Enter the phone number: > 123 456 789
The record added.

[menu] Enter action (add, exit, count, list, search): > list
1. John Smith

[list] Enter action ([number], back): > 1
Name: John
Surname: Smith
Birth date: [no data]
Gender: [no data]
Number: 123 456 789
Time created: 2024-07-16T01:27:11.547428
Time last edit: 2024-07-16T01:27:11.548655

[record] Enter action (edit, delete, menu): > menu

[menu] Enter action (add, exit, count, list, search): > exit
?[1;31m
Start test 5?[0m
[menu] Enter action (add, exit, count, list, search): > add
Enter the type (person, organization): > organization
Enter the organization name: > Pizza Shop
Enter the address: > Wall St. 1
Enter the number: > +0 (123) 456-789-9999
The record added.

[menu] Enter action (add, exit, count, list, search): > list
1. Pizza Shop

[list] Enter action ([number], back): > 1
Organization name: Pizza Shop
Address: Wall St. 1
Number: +0 (123) 456-789-9999
Time created: 2024-07-16T01:27:11.631158
Time last edit: 2024-07-16T01:27:11.633511

[record] Enter action (edit, delete, menu): > menu

[menu] Enter action (add, exit, count, list, search): > exit
?[1;31m
Start test 6?[0m
[menu] Enter action (add, exit, count, list, search): > add
Enter the type (person, organization): > person
Enter the name: > John
Enter the surname: > Smith
Enter the birth date: > 
Bad birth date!
Enter the gender (M, F): > 
Bad gender (M, F)!
Enter the phone number: > 123 456 789
The record added.

[menu] Enter action (add, exit, count, list, search): > list
1. John Smith

[list] Enter action ([number], back): > 1
Name: John
Surname: Smith
Birth date: [no data]
Gender: [no data]
Number: 123 456 789
Time created: 2024-07-16T01:27:11.699728
Time last edit: 2024-07-16T01:27:11.700791

[record] Enter action (edit, delete, menu): > edit
Select a field (name, surname, birth, gender, number): > gender
Enter gender: > M
Saved
Name: John
Surname: Smith
Birth date: [no data]
Gender: M
Number: 123 456 789
Time created: 2024-07-16T01:27:11.699728
Time last edit: 2024-07-16T01:27:11.730478

[record] Enter action (edit, delete, menu): > menu

[menu] Enter action (add, exit, count, list, search): > list
1. John Smith

[list] Enter action ([number], back): > 1
Name: John
Surname: Smith
Birth date: [no data]
Gender: M
Number: 123 456 789
Time created: 2024-07-16T01:27:11.699728
Time last edit: 2024-07-16T01:27:11.730478

[record] Enter action (edit, delete, menu): > menu

[menu] Enter action (add, exit, count, list, search): > exit
?[1;31m
Start test 7?[0m
[menu] Enter action (add, exit, count, list, search): > add
Enter the type (person, organization): > organization
Enter the organization name: > Pizza Shop
Enter the address: > Wall St. 1
Enter the number: > +0 (123) 456-789-9999
The record added.

[menu] Enter action (add, exit, count, list, search): > list
1. Pizza Shop

[list] Enter action ([number], back): > 1
Organization name: Pizza Shop
Address: Wall St. 1
Number: +0 (123) 456-789-9999
Time created: 2024-07-16T01:27:11.810573
Time last edit: 2024-07-16T01:27:11.811914

[record] Enter action (edit, delete, menu): > edit
Select a field (name, address, number): > address
Enter address: > Wall St 2
Saved
Organization name: Pizza Shop
Address: Wall St 2
Number: +0 (123) 456-789-9999
Time created: 2024-07-16T01:27:11.810573
Time last edit: 2024-07-16T01:27:11.844844

[record] Enter action (edit, delete, menu): > menu

[menu] Enter action (add, exit, count, list, search): > list
1. Pizza Shop

[list] Enter action ([number], back): > 1
Organization name: Pizza Shop
Address: Wall St 2
Number: +0 (123) 456-789-9999
Time created: 2024-07-16T01:27:11.810573
Time last edit: 2024-07-16T01:27:11.844844

[record] Enter action (edit, delete, menu): > menu

[menu] Enter action (add, exit, count, list, search): > exit
?[1;31m
Start test 8?[0m
[menu] Enter action (add, exit, count, list, search): > add
Enter the type (person, organization): > organization
Enter the organization name: > Pizza Shop
Enter the address: > Wall St. 1
Enter the number: > +0 (123) 456-789-9999
The record added.

[menu] Enter action (add, exit, count, list, search): > add
Enter the type (person, organization): > person
Enter the name: > John
Enter the surname: > Smith
Enter the birth date: > 
Bad birth date!
Enter the gender (M, F): > 
Bad gender (M, F)!
Enter the phone number: > 123 456 789
The record added.

[menu] Enter action (add, exit, count, list, search): > add
Enter the type (person, organization): > organization
Enter the organization name: > PizzaNuts
Enter the address: > Wall St. 6
Enter the number: > +0 (123) 456-789-9999
The record added.

[menu] Enter action (add, exit, count, list, search): > search
Enter search query: > pizz
Found 2 results:
1. Pizza Shop
2. PizzaNuts

[search] Enter action ([number], back, again): > 1
Organization name: Pizza Shop
Address: Wall St. 1
Number: +0 (123) 456-789-9999
Time created: 2024-07-16T01:27:11.933880
Time last edit: 2024-07-16T01:27:11.934892

[record] Enter action (edit, delete, menu): > menu

[menu] Enter action (add, exit, count, list, search): > exit
?[1;31m
Start test 9?[0m
[menu] Enter action (add, exit, count, list, search): > add
Enter the type (person, organization): > organization
Enter the organization name: > Pizza Shop
Enter the address: > Wall St. 1
Enter the number: > +0 (123) 456-789-9999
The record added.

[menu] Enter action (add, exit, count, list, search): > add
Enter the type (person, organization): > person
Enter the name: > John
Enter the surname: > Smith
Enter the birth date: > 
Bad birth date!
Enter the gender (M, F): > 
Bad gender (M, F)!
Enter the phone number: > 123 456 789
The record added.

[menu] Enter action (add, exit, count, list, search): > add
Enter the type (person, organization): > organization
Enter the organization name: > PizzaNuts
Enter the address: > Wall St. 6
Enter the number: > +0 (123) 456-789-9999
The record added.

[menu] Enter action (add, exit, count, list, search): > search
Enter search query: > s
Found 3 results:
1. Pizza Shop
2. John Smith
3. PizzaNuts

[search] Enter action ([number], back, again): > 1
Organization name: Pizza Shop
Address: Wall St. 1
Number: +0 (123) 456-789-9999
Time created: 2024-07-16T01:27:12.058412
Time last edit: 2024-07-16T01:27:12.061107

[record] Enter action (edit, delete, menu): > menu

[menu] Enter action (add, exit, count, list, search): > exit
?[1;31m
Start test 10?[0m
[menu] Enter action (add, exit, count, list, search): > add
Enter the type (person, organization): > organization
Enter the organization name: > Pizza Shop
Enter the address: > Wall St. 1
Enter the number: > +0 (123) 456-789-9999
The record added.

[menu] Enter action (add, exit, count, list, search): > add
Enter the type (person, organization): > person
Enter the name: > John
Enter the surname: > Smith
Enter the birth date: > 
Bad birth date!
Enter the gender (M, F): > 
Bad gender (M, F)!
Enter the phone number: > 123 456 789
The record added.

[menu] Enter action (add, exit, count, list, search): > add
Enter the type (person, organization): > organization
Enter the organization name: > PizzaNuts
Enter the address: > Wall St. 6
Enter the number: > +0 (123) 456-781-9999
The record added.

[menu] Enter action (add, exit, count, list, search): > search
Enter search query: > 789
Found 2 results:
1. Pizza Shop
2. John Smith

[search] Enter action ([number], back, again): > 1
Organization name: Pizza Shop
Address: Wall St. 1
Number: +0 (123) 456-789-9999
Time created: 2024-07-16T01:27:12.229327
Time last edit: 2024-07-16T01:27:12.232300

[record] Enter action (edit, delete, menu): > menu

[menu] Enter action (add, exit, count, list, search): > exit
]]></system-out>
  <system-err><![CDATA[]]></system-err>
</testsuite>
