<?xml version="1.0" encoding="UTF-8"?>
<testsuite name="tracker.SampleTest" tests="1" skipped="0" failures="0" errors="0" timestamp="2024-07-09T12:15:11" hostname="YoTis-MacBook.local" time="0.034">
  <properties/>
  <testcase name="test()" classname="tracker.SampleTest" time="0.034"/>
  <system-out><![CDATA[]]></system-out>
  <system-err><![CDATA[]]></system-err>
</testsuite>
